android/app/build/intermediates/manifest_merge_blame_file/debug/processDebugMainManifest/manifest-merger-blame-debug-report.txt
1<?xml version="1.0" encoding="utf-8"?>
2<manifest xmlns:android="http://schemas.android.com/apk/res/android"
3    package="com.example.eslabon_flutter"
4    android:versionCode="1"
5    android:versionName="1.0.0" >
6
7    <uses-sdk
8        android:minSdkVersion="23"
9        android:targetSdkVersion="35" />
10    <!--
11         The INTERNET permission is required for development. Specifically,
12         the Flutter tool needs it to communicate with the running application
13         to allow setting breakpoints, to provide hot reload, etc.
14    -->
15    <uses-permission android:name="android.permission.INTERNET" />
15-->src\main\AndroidManifest.xml:5:5-66
15-->src\main\AndroidManifest.xml:5:22-64
16    <uses-permission android:name="android.permission.ACCESS_FINE_LOCATION" />
16-->src\main\AndroidManifest.xml:6:5-78
16-->src\main\AndroidManifest.xml:6:22-76
17    <uses-permission android:name="android.permission.ACCESS_COARSE_LOCATION" />
17-->src\main\AndroidManifest.xml:7:5-80
17-->src\main\AndroidManifest.xml:7:22-78
18    <uses-permission android:name="android.permission.RECEIVE_BOOT_COMPLETED" />
18-->src\main\AndroidManifest.xml:8:5-80
18-->src\main\AndroidManifest.xml:8:22-78
19    <uses-permission android:name="android.permission.VIBRATE" />
19-->src\main\AndroidManifest.xml:9:5-65
19-->src\main\AndroidManifest.xml:9:22-63
20    <uses-permission android:name="android.permission.WAKE_LOCK" />
20-->src\main\AndroidManifest.xml:10:5-67
20-->src\main\AndroidManifest.xml:10:22-65
21    <uses-permission android:name="android.permission.POST_NOTIFICATIONS" /> <!-- Opcional: Bluetooth (puede quedar aunque no lo uses) -->
21-->src\main\AndroidManifest.xml:11:5-76
21-->src\main\AndroidManifest.xml:11:22-74
22    <uses-feature
22-->src\main\AndroidManifest.xml:14:5-87
23        android:name="android.hardware.bluetooth"
23-->src\main\AndroidManifest.xml:14:19-60
24        android:required="false" /> <!-- Android 12+ -->
24-->src\main\AndroidManifest.xml:14:61-85
25    <uses-permission android:name="android.permission.BLUETOOTH_CONNECT" />
25-->src\main\AndroidManifest.xml:16:5-76
25-->src\main\AndroidManifest.xml:16:22-73
26    <uses-permission android:name="android.permission.BLUETOOTH_SCAN" /> <!-- Pre-Android 12 -->
26-->src\main\AndroidManifest.xml:17:5-73
26-->src\main\AndroidManifest.xml:17:22-70
27    <uses-permission android:name="android.permission.BLUETOOTH" />
27-->src\main\AndroidManifest.xml:19:5-68
27-->src\main\AndroidManifest.xml:19:22-65
28    <uses-permission android:name="android.permission.BLUETOOTH_ADMIN" />
28-->src\main\AndroidManifest.xml:20:5-74
28-->src\main\AndroidManifest.xml:20:22-71
29    <uses-permission android:name="android.permission.ACCESS_NETWORK_STATE" />
29-->[:firebase_messaging] AndroidManifest.xml:9:5-79
29-->[:firebase_messaging] AndroidManifest.xml:9:22-76
30
31    <uses-feature
31-->[com.google.android.gms:play-services-maps:18.2.0] AndroidManifest.xml:26:5-28:35
32        android:glEsVersion="0x00020000"
32-->[com.google.android.gms:play-services-maps:18.2.0] AndroidManifest.xml:27:9-41
33        android:required="true" />
33-->[com.google.android.gms:play-services-maps:18.2.0] AndroidManifest.xml:28:9-32
34
35    <queries>
35-->[com.google.android.gms:play-services-maps:18.2.0] AndroidManifest.xml:30:5-34:15
36
37        <!-- Needs to be explicitly declared on Android R+ -->
38        <package android:name="com.google.android.apps.maps" />
38-->[com.google.android.gms:play-services-maps:18.2.0] AndroidManifest.xml:33:9-64
38-->[com.google.android.gms:play-services-maps:18.2.0] AndroidManifest.xml:33:18-61
39        <!-- For browser content -->
40        <intent>
40-->[com.google.android.gms:play-services-ads-api:24.1.0] AndroidManifest.xml:38:9-44:18
41            <action android:name="android.intent.action.VIEW" />
41-->[com.google.firebase:firebase-auth:22.3.1] AndroidManifest.xml:36:17-69
41-->[com.google.firebase:firebase-auth:22.3.1] AndroidManifest.xml:36:25-66
42
43            <category android:name="android.intent.category.BROWSABLE" />
43-->[com.google.firebase:firebase-auth:22.3.1] AndroidManifest.xml:39:17-78
43-->[com.google.firebase:firebase-auth:22.3.1] AndroidManifest.xml:39:27-75
44
45            <data android:scheme="https" />
45-->[com.google.firebase:firebase-auth:22.3.1] AndroidManifest.xml:41:17-44:51
45-->[com.google.firebase:firebase-auth:22.3.1] AndroidManifest.xml:44:21-48
46        </intent> <!-- End of browser content -->
47        <!-- For CustomTabsService -->
48        <intent>
48-->[com.google.android.gms:play-services-ads-api:24.1.0] AndroidManifest.xml:47:9-49:18
49            <action android:name="android.support.customtabs.action.CustomTabsService" />
49-->[com.google.android.gms:play-services-ads-api:24.1.0] AndroidManifest.xml:48:13-90
49-->[com.google.android.gms:play-services-ads-api:24.1.0] AndroidManifest.xml:48:21-87
50        </intent> <!-- End of CustomTabsService -->
51        <!-- For MRAID capabilities -->
52        <intent>
52-->[com.google.android.gms:play-services-ads-api:24.1.0] AndroidManifest.xml:52:9-56:18
53            <action android:name="android.intent.action.INSERT" />
53-->[com.google.android.gms:play-services-ads-api:24.1.0] AndroidManifest.xml:53:13-67
53-->[com.google.android.gms:play-services-ads-api:24.1.0] AndroidManifest.xml:53:21-64
54
55            <data android:mimeType="vnd.android.cursor.dir/event" />
55-->[com.google.firebase:firebase-auth:22.3.1] AndroidManifest.xml:41:17-44:51
56        </intent>
57        <intent>
57-->[com.google.android.gms:play-services-ads-api:24.1.0] AndroidManifest.xml:57:9-61:18
58            <action android:name="android.intent.action.VIEW" />
58-->[com.google.firebase:firebase-auth:22.3.1] AndroidManifest.xml:36:17-69
58-->[com.google.firebase:firebase-auth:22.3.1] AndroidManifest.xml:36:25-66
59
60            <data android:scheme="sms" />
60-->[com.google.firebase:firebase-auth:22.3.1] AndroidManifest.xml:41:17-44:51
60-->[com.google.firebase:firebase-auth:22.3.1] AndroidManifest.xml:44:21-48
61        </intent>
62        <intent>
62-->[com.google.android.gms:play-services-ads-api:24.1.0] AndroidManifest.xml:62:9-66:18
63            <action android:name="android.intent.action.DIAL" />
63-->[com.google.android.gms:play-services-ads-api:24.1.0] AndroidManifest.xml:63:13-65
63-->[com.google.android.gms:play-services-ads-api:24.1.0] AndroidManifest.xml:63:21-62
64
65            <data android:path="tel:" />
65-->[com.google.firebase:firebase-auth:22.3.1] AndroidManifest.xml:41:17-44:51
65-->[com.google.firebase:firebase-auth:22.3.1] AndroidManifest.xml:43:21-37
66        </intent>
67    </queries> <!-- Required by older versions of Google Play services to create IID tokens -->
68    <uses-permission android:name="com.google.android.c2dm.permission.RECEIVE" />
68-->[com.google.firebase:firebase-messaging:23.4.1] AndroidManifest.xml:26:5-82
68-->[com.google.firebase:firebase-messaging:23.4.1] AndroidManifest.xml:26:22-79
69    <uses-permission android:name="com.google.android.gms.permission.AD_ID" />
69-->[com.google.android.gms:play-services-ads-api:24.1.0] AndroidManifest.xml:26:5-79
69-->[com.google.android.gms:play-services-ads-api:24.1.0] AndroidManifest.xml:26:22-76
70    <uses-permission android:name="android.permission.ACCESS_ADSERVICES_AD_ID" />
70-->[com.google.android.gms:play-services-ads-api:24.1.0] AndroidManifest.xml:27:5-82
70-->[com.google.android.gms:play-services-ads-api:24.1.0] AndroidManifest.xml:27:22-79
71    <uses-permission android:name="android.permission.ACCESS_ADSERVICES_ATTRIBUTION" />
71-->[com.google.android.gms:play-services-ads-api:24.1.0] AndroidManifest.xml:28:5-88
71-->[com.google.android.gms:play-services-ads-api:24.1.0] AndroidManifest.xml:28:22-85
72    <uses-permission android:name="android.permission.ACCESS_ADSERVICES_TOPICS" />
72-->[com.google.android.gms:play-services-ads-api:24.1.0] AndroidManifest.xml:29:5-83
72-->[com.google.android.gms:play-services-ads-api:24.1.0] AndroidManifest.xml:29:22-80
73    <uses-permission android:name="com.google.android.providers.gsf.permission.READ_GSERVICES" />
73-->[com.google.android.recaptcha:recaptcha:18.4.0] AndroidManifest.xml:9:5-98
73-->[com.google.android.recaptcha:recaptcha:18.4.0] AndroidManifest.xml:9:22-95
74    <uses-permission android:name="android.permission.FOREGROUND_SERVICE" />
74-->[androidx.work:work-runtime:2.7.0] AndroidManifest.xml:28:5-77
74-->[androidx.work:work-runtime:2.7.0] AndroidManifest.xml:28:22-74
75
76    <permission
76-->[androidx.core:core:1.13.1] AndroidManifest.xml:22:5-24:47
77        android:name="com.example.eslabon_flutter.DYNAMIC_RECEIVER_NOT_EXPORTED_PERMISSION"
77-->[androidx.core:core:1.13.1] AndroidManifest.xml:23:9-81
78        android:protectionLevel="signature" />
78-->[androidx.core:core:1.13.1] AndroidManifest.xml:24:9-44
79
80    <uses-permission android:name="com.example.eslabon_flutter.DYNAMIC_RECEIVER_NOT_EXPORTED_PERMISSION" />
80-->[androidx.core:core:1.13.1] AndroidManifest.xml:26:5-97
80-->[androidx.core:core:1.13.1] AndroidManifest.xml:26:22-94
81
82    <application
83        android:name="android.app.Application"
84        android:appComponentFactory="androidx.core.app.CoreComponentFactory"
84-->[androidx.core:core:1.13.1] AndroidManifest.xml:28:18-86
85        android:debuggable="true"
86        android:extractNativeLibs="false"
87        android:icon="@mipmap/ic_launcher"
88        android:label="Eslabón"
89        android:usesCleartextTraffic="true" >
90
91        <!-- Deshabilita Deferred Components (Play Feature Delivery) -->
92        <meta-data
93            android:name="io.flutter.embedding.engine.deferredcomponents.DeferredComponentManager"
94            android:value="none" />
95
96        <!-- Ads (ID de prueba) -->
97        <meta-data
98            android:name="com.google.android.gms.ads.APPLICATION_ID"
99            android:value="ca-app-pub-3940256099942544~3347511713" />
100
101        <!-- FCM defaults -->
102        <meta-data
103            android:name="com.google.firebase.messaging.default_notification_icon"
104            android:resource="@mipmap/ic_launcher" />
105        <meta-data
106            android:name="com.google.firebase.messaging.default_notification_color"
107            android:resource="@color/ic_notification_color" />
108
109        <!-- Flutter embedding v2 -->
110        <meta-data
111            android:name="flutterEmbedding"
112            android:value="2" />
113
114        <activity
115            android:name="com.example.eslabon_flutter.MainActivity"
116            android:configChanges="orientation|keyboardHidden|keyboard|screenSize|smallestScreenSize|locale|layoutDirection|fontScale|screenLayout|density|uiMode"
117            android:exported="true"
118            android:hardwareAccelerated="true"
119            android:launchMode="singleTop"
120            android:theme="@style/LaunchTheme"
121            android:windowSoftInputMode="adjustResize" >
122            <meta-data
123                android:name="io.flutter.app.android.SplashScreenUntilFirstFrame"
124                android:value="true" />
125
126            <intent-filter>
127                <action android:name="android.intent.action.MAIN" />
128
129                <category android:name="android.intent.category.LAUNCHER" />
130            </intent-filter>
131        </activity>
132
133        <!-- Servicio FCM (opcional si lo usabas explícito) -->
134        <service
135            android:name="com.google.firebase.messaging.FirebaseMessagingService"
136            android:directBootAware="true"
136-->[com.google.firebase:firebase-messaging:23.4.1] AndroidManifest.xml:48:13-43
137            android:exported="false" >
138            <intent-filter>
138-->[:firebase_messaging] AndroidManifest.xml:21:13-23:29
139                <action android:name="com.google.firebase.MESSAGING_EVENT" />
139-->[:firebase_messaging] AndroidManifest.xml:22:17-78
139-->[:firebase_messaging] AndroidManifest.xml:22:25-75
140            </intent-filter>
141            <intent-filter android:priority="-500" >
141-->[:firebase_messaging] AndroidManifest.xml:21:13-23:29
142                <action android:name="com.google.firebase.MESSAGING_EVENT" />
142-->[:firebase_messaging] AndroidManifest.xml:22:17-78
142-->[:firebase_messaging] AndroidManifest.xml:22:25-75
143            </intent-filter>
144        </service>
145
146        <meta-data
146-->[:google_mobile_ads] AndroidManifest.xml:10:9-12:36
147            android:name="io.flutter.embedded_views_preview"
147-->[:google_mobile_ads] AndroidManifest.xml:11:13-61
148            android:value="true" />
148-->[:google_mobile_ads] AndroidManifest.xml:12:13-33
149
150        <service
150-->[:geolocator_android] AndroidManifest.xml:8:9-12:56
151            android:name="com.baseflow.geolocator.GeolocatorLocationService"
151-->[:geolocator_android] AndroidManifest.xml:9:13-77
152            android:enabled="true"
152-->[:geolocator_android] AndroidManifest.xml:10:13-35
153            android:exported="false"
153-->[:geolocator_android] AndroidManifest.xml:11:13-37
154            android:foregroundServiceType="location" />
154-->[:geolocator_android] AndroidManifest.xml:12:13-53
155
156        <provider
156-->[:image_picker_android] AndroidManifest.xml:9:9-17:20
157            android:name="io.flutter.plugins.imagepicker.ImagePickerFileProvider"
157-->[:image_picker_android] AndroidManifest.xml:10:13-82
158            android:authorities="com.example.eslabon_flutter.flutter.image_provider"
158-->[:image_picker_android] AndroidManifest.xml:11:13-74
159            android:exported="false"
159-->[:image_picker_android] AndroidManifest.xml:12:13-37
160            android:grantUriPermissions="true" >
160-->[:image_picker_android] AndroidManifest.xml:13:13-47
161            <meta-data
161-->[:image_picker_android] AndroidManifest.xml:14:13-16:75
162                android:name="android.support.FILE_PROVIDER_PATHS"
162-->[:image_picker_android] AndroidManifest.xml:15:17-67
163                android:resource="@xml/flutter_image_picker_file_paths" />
163-->[:image_picker_android] AndroidManifest.xml:16:17-72
164        </provider> <!-- Trigger Google Play services to install the backported photo picker module. -->
165        <service
165-->[:image_picker_android] AndroidManifest.xml:19:9-31:19
166            android:name="com.google.android.gms.metadata.ModuleDependencies"
166-->[:image_picker_android] AndroidManifest.xml:20:13-78
167            android:enabled="false"
167-->[:image_picker_android] AndroidManifest.xml:21:13-36
168            android:exported="false" >
168-->[:image_picker_android] AndroidManifest.xml:22:13-37
169            <intent-filter>
169-->[:image_picker_android] AndroidManifest.xml:24:13-26:29
170                <action android:name="com.google.android.gms.metadata.MODULE_DEPENDENCIES" />
170-->[:image_picker_android] AndroidManifest.xml:25:17-94
170-->[:image_picker_android] AndroidManifest.xml:25:25-91
171            </intent-filter>
172
173            <meta-data
173-->[:image_picker_android] AndroidManifest.xml:28:13-30:36
174                android:name="photopicker_activity:0:required"
174-->[:image_picker_android] AndroidManifest.xml:29:17-63
175                android:value="" />
175-->[:image_picker_android] AndroidManifest.xml:30:17-33
176        </service>
177
178        <activity
178-->[:url_launcher_android] AndroidManifest.xml:8:9-11:74
179            android:name="io.flutter.plugins.urllauncher.WebViewActivity"
179-->[:url_launcher_android] AndroidManifest.xml:9:13-74
180            android:exported="false"
180-->[:url_launcher_android] AndroidManifest.xml:10:13-37
181            android:theme="@android:style/Theme.NoTitleBar.Fullscreen" />
181-->[:url_launcher_android] AndroidManifest.xml:11:13-71
182
183        <service
183-->[:cloud_firestore] AndroidManifest.xml:8:9-12:19
184            android:name="com.google.firebase.components.ComponentDiscoveryService"
184-->[:cloud_firestore] AndroidManifest.xml:8:18-89
185            android:directBootAware="true"
185-->[com.google.firebase:firebase-common:20.4.3] AndroidManifest.xml:32:13-43
186            android:exported="false" >
186-->[com.google.firebase:firebase-auth:22.3.1] AndroidManifest.xml:68:13-37
187            <meta-data
187-->[:cloud_firestore] AndroidManifest.xml:9:13-11:85
188                android:name="com.google.firebase.components:io.flutter.plugins.firebase.firestore.FlutterFirebaseFirestoreRegistrar"
188-->[:cloud_firestore] AndroidManifest.xml:10:17-134
189                android:value="com.google.firebase.components.ComponentRegistrar" />
189-->[:cloud_firestore] AndroidManifest.xml:11:17-82
190            <meta-data
190-->[:cloud_functions] AndroidManifest.xml:9:13-11:85
191                android:name="com.google.firebase.components:io.flutter.plugins.firebase.functions.FlutterFirebaseAppRegistrar"
191-->[:cloud_functions] AndroidManifest.xml:10:17-128
192                android:value="com.google.firebase.components.ComponentRegistrar" />
192-->[:cloud_functions] AndroidManifest.xml:11:17-82
193            <meta-data
193-->[:firebase_app_check] AndroidManifest.xml:9:13-11:85
194                android:name="com.google.firebase.components:io.flutter.plugins.firebase.appcheck.FlutterFirebaseAppRegistrar"
194-->[:firebase_app_check] AndroidManifest.xml:10:17-127
195                android:value="com.google.firebase.components.ComponentRegistrar" />
195-->[:firebase_app_check] AndroidManifest.xml:11:17-82
196            <meta-data
196-->[:firebase_auth] AndroidManifest.xml:9:13-11:85
197                android:name="com.google.firebase.components:io.flutter.plugins.firebase.auth.FlutterFirebaseAuthRegistrar"
197-->[:firebase_auth] AndroidManifest.xml:10:17-124
198                android:value="com.google.firebase.components.ComponentRegistrar" />
198-->[:firebase_auth] AndroidManifest.xml:11:17-82
199            <meta-data
199-->[:firebase_messaging] AndroidManifest.xml:36:13-38:85
200                android:name="com.google.firebase.components:io.flutter.plugins.firebase.messaging.FlutterFirebaseAppRegistrar"
200-->[:firebase_messaging] AndroidManifest.xml:37:17-128
201                android:value="com.google.firebase.components.ComponentRegistrar" />
201-->[:firebase_messaging] AndroidManifest.xml:38:17-82
202            <meta-data
202-->[:firebase_storage] AndroidManifest.xml:9:13-11:85
203                android:name="com.google.firebase.components:io.flutter.plugins.firebase.storage.FlutterFirebaseAppRegistrar"
203-->[:firebase_storage] AndroidManifest.xml:10:17-126
204                android:value="com.google.firebase.components.ComponentRegistrar" />
204-->[:firebase_storage] AndroidManifest.xml:11:17-82
205            <meta-data
205-->[:firebase_core] AndroidManifest.xml:9:13-11:85
206                android:name="com.google.firebase.components:io.flutter.plugins.firebase.core.FlutterFirebaseCoreRegistrar"
206-->[:firebase_core] AndroidManifest.xml:10:17-124
207                android:value="com.google.firebase.components.ComponentRegistrar" />
207-->[:firebase_core] AndroidManifest.xml:11:17-82
208            <meta-data
208-->[com.google.firebase:firebase-auth:22.3.1] AndroidManifest.xml:69:13-71:85
209                android:name="com.google.firebase.components:com.google.firebase.auth.FirebaseAuthRegistrar"
209-->[com.google.firebase:firebase-auth:22.3.1] AndroidManifest.xml:70:17-109
210                android:value="com.google.firebase.components.ComponentRegistrar" />
210-->[com.google.firebase:firebase-auth:22.3.1] AndroidManifest.xml:71:17-82
211            <meta-data
211-->[com.google.firebase:firebase-appcheck-safetynet:16.1.2] AndroidManifest.xml:27:13-29:85
212                android:name="com.google.firebase.components:com.google.firebase.appcheck.safetynet.FirebaseAppCheckSafetyNetRegistrar"
212-->[com.google.firebase:firebase-appcheck-safetynet:16.1.2] AndroidManifest.xml:28:17-136
213                android:value="com.google.firebase.components.ComponentRegistrar" />
213-->[com.google.firebase:firebase-appcheck-safetynet:16.1.2] AndroidManifest.xml:29:17-82
214            <meta-data
214-->[com.google.firebase:firebase-functions:20.4.0] AndroidManifest.xml:15:13-17:85
215                android:name="com.google.firebase.components:com.google.firebase.functions.FirebaseFunctionsKtxRegistrar"
215-->[com.google.firebase:firebase-functions:20.4.0] AndroidManifest.xml:16:17-122
216                android:value="com.google.firebase.components.ComponentRegistrar" />
216-->[com.google.firebase:firebase-functions:20.4.0] AndroidManifest.xml:17:17-82
217            <meta-data
217-->[com.google.firebase:firebase-functions:20.4.0] AndroidManifest.xml:18:13-20:85
218                android:name="com.google.firebase.components:com.google.firebase.functions.FunctionsRegistrar"
218-->[com.google.firebase:firebase-functions:20.4.0] AndroidManifest.xml:19:17-111
219                android:value="com.google.firebase.components.ComponentRegistrar" />
219-->[com.google.firebase:firebase-functions:20.4.0] AndroidManifest.xml:20:17-82
220            <meta-data
220-->[com.google.firebase:firebase-appcheck-debug:17.1.2] AndroidManifest.xml:25:13-27:85
221                android:name="com.google.firebase.components:com.google.firebase.appcheck.debug.FirebaseAppCheckDebugRegistrar"
221-->[com.google.firebase:firebase-appcheck-debug:17.1.2] AndroidManifest.xml:26:17-128
222                android:value="com.google.firebase.components.ComponentRegistrar" />
222-->[com.google.firebase:firebase-appcheck-debug:17.1.2] AndroidManifest.xml:27:17-82
223            <meta-data
223-->[com.google.firebase:firebase-firestore:24.11.0] AndroidManifest.xml:17:13-19:85
224                android:name="com.google.firebase.components:com.google.firebase.firestore.FirebaseFirestoreKtxRegistrar"
224-->[com.google.firebase:firebase-firestore:24.11.0] AndroidManifest.xml:18:17-122
225                android:value="com.google.firebase.components.ComponentRegistrar" />
225-->[com.google.firebase:firebase-firestore:24.11.0] AndroidManifest.xml:19:17-82
226            <meta-data
226-->[com.google.firebase:firebase-firestore:24.11.0] AndroidManifest.xml:20:13-22:85
227                android:name="com.google.firebase.components:com.google.firebase.firestore.FirestoreRegistrar"
227-->[com.google.firebase:firebase-firestore:24.11.0] AndroidManifest.xml:21:17-111
228                android:value="com.google.firebase.components.ComponentRegistrar" />
228-->[com.google.firebase:firebase-firestore:24.11.0] AndroidManifest.xml:22:17-82
229            <meta-data
229-->[com.google.firebase:firebase-appcheck-playintegrity:17.1.2] AndroidManifest.xml:25:13-27:85
230                android:name="com.google.firebase.components:com.google.firebase.appcheck.playintegrity.FirebaseAppCheckPlayIntegrityRegistrar"
230-->[com.google.firebase:firebase-appcheck-playintegrity:17.1.2] AndroidManifest.xml:26:17-144
231                android:value="com.google.firebase.components.ComponentRegistrar" />
231-->[com.google.firebase:firebase-appcheck-playintegrity:17.1.2] AndroidManifest.xml:27:17-82
232            <meta-data
232-->[com.google.firebase:firebase-messaging:23.4.1] AndroidManifest.xml:57:13-59:85
233                android:name="com.google.firebase.components:com.google.firebase.messaging.FirebaseMessagingKtxRegistrar"
233-->[com.google.firebase:firebase-messaging:23.4.1] AndroidManifest.xml:58:17-122
234                android:value="com.google.firebase.components.ComponentRegistrar" />
234-->[com.google.firebase:firebase-messaging:23.4.1] AndroidManifest.xml:59:17-82
235            <meta-data
235-->[com.google.firebase:firebase-messaging:23.4.1] AndroidManifest.xml:60:13-62:85
236                android:name="com.google.firebase.components:com.google.firebase.messaging.FirebaseMessagingRegistrar"
236-->[com.google.firebase:firebase-messaging:23.4.1] AndroidManifest.xml:61:17-119
237                android:value="com.google.firebase.components.ComponentRegistrar" />
237-->[com.google.firebase:firebase-messaging:23.4.1] AndroidManifest.xml:62:17-82
238            <meta-data
238-->[com.google.firebase:firebase-storage:20.3.0] AndroidManifest.xml:30:13-32:85
239                android:name="com.google.firebase.components:com.google.firebase.storage.FirebaseStorageKtxRegistrar"
239-->[com.google.firebase:firebase-storage:20.3.0] AndroidManifest.xml:31:17-118
240                android:value="com.google.firebase.components.ComponentRegistrar" />
240-->[com.google.firebase:firebase-storage:20.3.0] AndroidManifest.xml:32:17-82
241            <meta-data
241-->[com.google.firebase:firebase-storage:20.3.0] AndroidManifest.xml:33:13-35:85
242                android:name="com.google.firebase.components:com.google.firebase.storage.StorageRegistrar"
242-->[com.google.firebase:firebase-storage:20.3.0] AndroidManifest.xml:34:17-107
243                android:value="com.google.firebase.components.ComponentRegistrar" />
243-->[com.google.firebase:firebase-storage:20.3.0] AndroidManifest.xml:35:17-82
244            <meta-data
244-->[com.google.firebase:firebase-appcheck:17.1.2] AndroidManifest.xml:25:13-27:85
245                android:name="com.google.firebase.components:com.google.firebase.appcheck.FirebaseAppCheckKtxRegistrar"
245-->[com.google.firebase:firebase-appcheck:17.1.2] AndroidManifest.xml:26:17-120
246                android:value="com.google.firebase.components.ComponentRegistrar" />
246-->[com.google.firebase:firebase-appcheck:17.1.2] AndroidManifest.xml:27:17-82
247            <meta-data
247-->[com.google.firebase:firebase-appcheck:17.1.2] AndroidManifest.xml:28:13-30:85
248                android:name="com.google.firebase.components:com.google.firebase.appcheck.FirebaseAppCheckRegistrar"
248-->[com.google.firebase:firebase-appcheck:17.1.2] AndroidManifest.xml:29:17-117
249                android:value="com.google.firebase.components.ComponentRegistrar" />
249-->[com.google.firebase:firebase-appcheck:17.1.2] AndroidManifest.xml:30:17-82
250            <meta-data
250-->[com.google.firebase:firebase-iid:21.1.0] AndroidManifest.xml:32:13-34:85
251                android:name="com.google.firebase.components:com.google.firebase.iid.Registrar"
251-->[com.google.firebase:firebase-iid:21.1.0] AndroidManifest.xml:33:17-96
252                android:value="com.google.firebase.components.ComponentRegistrar" />
252-->[com.google.firebase:firebase-iid:21.1.0] AndroidManifest.xml:34:17-82
253            <meta-data
253-->[com.google.firebase:firebase-installations:17.2.0] AndroidManifest.xml:15:13-17:85
254                android:name="com.google.firebase.components:com.google.firebase.installations.FirebaseInstallationsKtxRegistrar"
254-->[com.google.firebase:firebase-installations:17.2.0] AndroidManifest.xml:16:17-130
255                android:value="com.google.firebase.components.ComponentRegistrar" />
255-->[com.google.firebase:firebase-installations:17.2.0] AndroidManifest.xml:17:17-82
256            <meta-data
256-->[com.google.firebase:firebase-installations:17.2.0] AndroidManifest.xml:18:13-20:85
257                android:name="com.google.firebase.components:com.google.firebase.installations.FirebaseInstallationsRegistrar"
257-->[com.google.firebase:firebase-installations:17.2.0] AndroidManifest.xml:19:17-127
258                android:value="com.google.firebase.components.ComponentRegistrar" />
258-->[com.google.firebase:firebase-installations:17.2.0] AndroidManifest.xml:20:17-82
259            <meta-data
259-->[com.google.firebase:firebase-common-ktx:20.4.3] AndroidManifest.xml:12:13-14:85
260                android:name="com.google.firebase.components:com.google.firebase.ktx.FirebaseCommonLegacyRegistrar"
260-->[com.google.firebase:firebase-common-ktx:20.4.3] AndroidManifest.xml:13:17-116
261                android:value="com.google.firebase.components.ComponentRegistrar" />
261-->[com.google.firebase:firebase-common-ktx:20.4.3] AndroidManifest.xml:14:17-82
262            <meta-data
262-->[com.google.firebase:firebase-common:20.4.3] AndroidManifest.xml:35:13-37:85
263                android:name="com.google.firebase.components:com.google.firebase.FirebaseCommonKtxRegistrar"
263-->[com.google.firebase:firebase-common:20.4.3] AndroidManifest.xml:36:17-109
264                android:value="com.google.firebase.components.ComponentRegistrar" />
264-->[com.google.firebase:firebase-common:20.4.3] AndroidManifest.xml:37:17-82
265            <meta-data
265-->[com.google.firebase:firebase-datatransport:18.1.7] AndroidManifest.xml:27:13-29:85
266                android:name="com.google.firebase.components:com.google.firebase.datatransport.TransportRegistrar"
266-->[com.google.firebase:firebase-datatransport:18.1.7] AndroidManifest.xml:28:17-115
267                android:value="com.google.firebase.components.ComponentRegistrar" />
267-->[com.google.firebase:firebase-datatransport:18.1.7] AndroidManifest.xml:29:17-82
268        </service>
269        <service
269-->[:firebase_messaging] AndroidManifest.xml:14:9-17:72
270            android:name="io.flutter.plugins.firebase.messaging.FlutterFirebaseMessagingBackgroundService"
270-->[:firebase_messaging] AndroidManifest.xml:15:13-107
271            android:exported="false"
271-->[:firebase_messaging] AndroidManifest.xml:16:13-37
272            android:permission="android.permission.BIND_JOB_SERVICE" />
272-->[:firebase_messaging] AndroidManifest.xml:17:13-69
273        <service
273-->[:firebase_messaging] AndroidManifest.xml:18:9-24:19
274            android:name="io.flutter.plugins.firebase.messaging.FlutterFirebaseMessagingService"
274-->[:firebase_messaging] AndroidManifest.xml:19:13-97
275            android:exported="false" >
275-->[:firebase_messaging] AndroidManifest.xml:20:13-37
276            <intent-filter>
276-->[:firebase_messaging] AndroidManifest.xml:21:13-23:29